<?xml version="1.0" encoding="UTF-8"?>
<testsuite xmlns:xsi="http://www.w3.org/2001/XMLSchema-instance" xsi:noNamespaceSchemaLocation="https://maven.apache.org/surefire/maven-surefire-plugin/xsd/surefire-test-report.xsd" name="TestSuite" time="103.222" tests="16" errors="0" skipped="10" failures="3">
  <properties>
[...]
</properties>
  <testcase name="loginErrorValidation" classname="AutomationProjects.SeleniumTestNG.ErrorValidationsTest" time="0">
    <skipped message="expected [Incorrect email or password.] but found [Incorrect email  passwrd.]"/>
    <system-err><![CDATA[log4j:WARN No appenders could be found for logger (io.github.bonigarcia.wdm.WebDriverManager).
log4j:WARN Please initialize the log4j system properly.
log4j:WARN See http://logging.apache.org/log4j/1.2/faq.html#noconfig for more info.
Nov 08, 2024 2:36:29 PM org.openqa.selenium.devtools.CdpVersionFinder findNearestMatch
WARNING: Unable to find an exact match for CDP version 130, returning the closest version; found: 129; Please update to a Selenium version that supports CDP version 130
]]></system-err>
  </testcase>
  <testcase name="loginErrorValidation" classname="AutomationProjects.SeleniumTestNG.ErrorValidationsTest" time="0">
    <skipped message="expected [Incorrect email or password.] but found [Incorrect email  passwrd.]"/>
    <system-err><![CDATA[Nov 08, 2024 2:36:33 PM org.openqa.selenium.devtools.CdpVersionFinder findNearestMatch
WARNING: Unable to find an exact match for CDP version 130, returning the closest version; found: 129; Please update to a Selenium version that supports CDP version 130
]]></system-err>
  </testcase>
  <testcase name="loginErrorValidation" classname="AutomationProjects.SeleniumTestNG.ErrorValidationsTest" time="0.406">
    <failure message="expected [Incorrect email or password.] but found [Incorrect email  passwrd.]" type="java.lang.AssertionError">java.lang.AssertionError: expected [Incorrect email or password.] but found [Incorrect email  passwrd.]
	at AutomationProjects.SeleniumTestNG.ErrorValidationsTest.loginErrorValidation(ErrorValidationsTest.java:23)
</failure>
    <system-err><![CDATA[Nov 08, 2024 2:36:35 PM org.openqa.selenium.devtools.CdpVersionFinder findNearestMatch
WARNING: Unable to find an exact match for CDP version 130, returning the closest version; found: 129; Please update to a Selenium version that supports CDP version 130
]]></system-err>
  </testcase>
  <testcase name="tearDown" classname="AutomationProjects.SeleniumTestNG.ErrorValidationsTest" time="0.395">
    <failure message="&#10;Can inject only one of &lt;ITestContext, XmlTest, Method, Object[], ITestResult&gt; into a @AfterMethod annotated tearDown.&#10;For more information on native dependency injection please refer to https://testng.org/#_dependency_injection" type="org.testng.TestNGException"><![CDATA[org.testng.TestNGException: 

Can inject only one of <ITestContext, XmlTest, Method, Object[], ITestResult> into a @AfterMethod annotated tearDown.
For more information on native dependency injection please refer to https://testng.org/#_dependency_injection
]]></failure>
  </testcase>
  <testcase name="tearDown" classname="AutomationProjects.SeleniumTestNG.ErrorValidationsTest" time="0">
    <skipped/>
  </testcase>
  <testcase name="tearDown" classname="AutomationProjects.SeleniumTestNG.ErrorValidationsTest" time="0">
    <skipped/>
  </testcase>
  <testcase name="tearDown" classname="AutomationProjects.SeleniumTestNG.ErrorValidationsTest" time="0">
    <skipped/>
  </testcase>
  <testcase name="productErrorValidation" classname="AutomationProjects.SeleniumTestNG.ErrorValidationsTest" time="0">
    <skipped message="&#10;Can inject only one of &lt;ITestContext, XmlTest, Method, Object[], ITestResult&gt; into a @AfterMethod annotated tearDown.&#10;For more information on native dependency injection please refer to https://testng.org/#_dependency_injection"/>
    <system-err><![CDATA[Nov 08, 2024 2:36:38 PM org.openqa.selenium.devtools.CdpVersionFinder findNearestMatch
WARNING: Unable to find an exact match for CDP version 130, returning the closest version; found: 129; Please update to a Selenium version that supports CDP version 130
]]></system-err>
  </testcase>
  <testcase name="submitOrder" classname="AutomationProjects.SeleniumTestNG.SubmitOrderTest" time="24.018"/>
  <testcase name="submitOrder" classname="AutomationProjects.SeleniumTestNG.SubmitOrderTest" time="0">
    <skipped message="&#10;Can inject only one of &lt;ITestContext, XmlTest, Method, Object[], ITestResult&gt; into a @AfterMethod annotated tearDown.&#10;For more information on native dependency injection please refer to https://testng.org/#_dependency_injection"/>
    <system-err><![CDATA[Nov 08, 2024 2:37:06 PM org.openqa.selenium.devtools.CdpVersionFinder findNearestMatch
WARNING: Unable to find an exact match for CDP version 130, returning the closest version; found: 129; Please update to a Selenium version that supports CDP version 130
]]></system-err>
  </testcase>
  <testcase name="tearDown" classname="AutomationProjects.SeleniumTestNG.SubmitOrderTest" time="24.018">
    <failure message="&#10;Can inject only one of &lt;ITestContext, XmlTest, Method, Object[], ITestResult&gt; into a @AfterMethod annotated tearDown.&#10;For more information on native dependency injection please refer to https://testng.org/#_dependency_injection" type="org.testng.TestNGException"><![CDATA[org.testng.TestNGException: 

Can inject only one of <ITestContext, XmlTest, Method, Object[], ITestResult> into a @AfterMethod annotated tearDown.
For more information on native dependency injection please refer to https://testng.org/#_dependency_injection
]]></failure>
  </testcase>
  <testcase name="tearDown" classname="AutomationProjects.SeleniumTestNG.SubmitOrderTest" time="0">
    <skipped/>
  </testcase>
  <testcase name="tearDown" classname="AutomationProjects.SeleniumTestNG.SubmitOrderTest" time="0">
    <skipped/>
  </testcase>
  <testcase name="OrderHistoryTest" classname="AutomationProjects.SeleniumTestNG.SubmitOrderTest" time="0">
    <skipped message="&#10;Can inject only one of &lt;ITestContext, XmlTest, Method, Object[], ITestResult&gt; into a @AfterMethod annotated tearDown.&#10;For more information on native dependency injection please refer to https://testng.org/#_dependency_injection"/>
    <system-err><![CDATA[Nov 08, 2024 2:37:08 PM org.openqa.selenium.devtools.CdpVersionFinder findNearestMatch
WARNING: Unable to find an exact match for CDP version 130, returning the closest version; found: 129; Please update to a Selenium version that supports CDP version 130
]]></system-err>
  </testcase>
  <testcase name="runScenario" classname="cucumber.TestNGTestRunner" time="30.741"/>
  <testcase name="runScenario" classname="cucumber.TestNGTestRunner" time="29.871"/>
</testsuite>